This is pdfTeX, Version 3.1415926-1.40.10 (TeX Live 2009/Debian) (format=pdflatex 2012.5.4)  5 FEB 2013 20:44
entering extended mode
 %&-line parsing enabled.
**TesisLatex.tex
(./TesisLatex.tex
LaTeX2e <2009/09/24>
Babel <v3.8l> and hyphenation patterns for english, usenglishmax, dumylang, noh
yphenation, loaded.
(/usr/share/texmf-texlive/tex/latex/base/book.cls
Document Class: book 2007/10/19 v1.4h Standard LaTeX document class
(/usr/share/texmf-texlive/tex/latex/base/bk12.clo
File: bk12.clo 2007/10/19 v1.4h Standard LaTeX file (size option)
)
\c@part=\count79
\c@chapter=\count80
\c@section=\count81
\c@subsection=\count82
\c@subsubsection=\count83
\c@paragraph=\count84
\c@subparagraph=\count85
\c@figure=\count86
\c@table=\count87
\abovecaptionskip=\skip41
\belowcaptionskip=\skip42
\bibindent=\dimen102
)
(/usr/share/texmf-texlive/tex/latex/base/inputenc.sty
Package: inputenc 2008/03/30 v1.1d Input encoding file
\inpenc@prehook=\toks14
\inpenc@posthook=\toks15

(/usr/share/texmf-texlive/tex/latex/base/utf8.def
File: utf8.def 2008/04/05 v1.1m UTF-8 support for inputenc
Now handling font encoding OML ...
... no UTF-8 mapping file for font encoding OML
Now handling font encoding T1 ...
... processing UTF-8 mapping file for font encoding T1

(/usr/share/texmf-texlive/tex/latex/base/t1enc.dfu
File: t1enc.dfu 2008/04/05 v1.1m UTF-8 support for inputenc
   defining Unicode char U+00A1 (decimal 161)
   defining Unicode char U+00A3 (decimal 163)
   defining Unicode char U+00AB (decimal 171)
   defining Unicode char U+00BB (decimal 187)
   defining Unicode char U+00BF (decimal 191)
   defining Unicode char U+00C0 (decimal 192)
   defining Unicode char U+00C1 (decimal 193)
   defining Unicode char U+00C2 (decimal 194)
   defining Unicode char U+00C3 (decimal 195)
   defining Unicode char U+00C4 (decimal 196)
   defining Unicode char U+00C5 (decimal 197)
   defining Unicode char U+00C6 (decimal 198)
   defining Unicode char U+00C7 (decimal 199)
   defining Unicode char U+00C8 (decimal 200)
   defining Unicode char U+00C9 (decimal 201)
   defining Unicode char U+00CA (decimal 202)
   defining Unicode char U+00CB (decimal 203)
   defining Unicode char U+00CC (decimal 204)
   defining Unicode char U+00CD (decimal 205)
   defining Unicode char U+00CE (decimal 206)
   defining Unicode char U+00CF (decimal 207)
   defining Unicode char U+00D0 (decimal 208)
   defining Unicode char U+00D1 (decimal 209)
   defining Unicode char U+00D2 (decimal 210)
   defining Unicode char U+00D3 (decimal 211)
   defining Unicode char U+00D4 (decimal 212)
   defining Unicode char U+00D5 (decimal 213)
   defining Unicode char U+00D6 (decimal 214)
   defining Unicode char U+00D8 (decimal 216)
   defining Unicode char U+00D9 (decimal 217)
   defining Unicode char U+00DA (decimal 218)
   defining Unicode char U+00DB (decimal 219)
   defining Unicode char U+00DC (decimal 220)
   defining Unicode char U+00DD (decimal 221)
   defining Unicode char U+00DE (decimal 222)
   defining Unicode char U+00DF (decimal 223)
   defining Unicode char U+00E0 (decimal 224)
   defining Unicode char U+00E1 (decimal 225)
   defining Unicode char U+00E2 (decimal 226)
   defining Unicode char U+00E3 (decimal 227)
   defining Unicode char U+00E4 (decimal 228)
   defining Unicode char U+00E5 (decimal 229)
   defining Unicode char U+00E6 (decimal 230)
   defining Unicode char U+00E7 (decimal 231)
   defining Unicode char U+00E8 (decimal 232)
   defining Unicode char U+00E9 (decimal 233)
   defining Unicode char U+00EA (decimal 234)
   defining Unicode char U+00EB (decimal 235)
   defining Unicode char U+00EC (decimal 236)
   defining Unicode char U+00ED (decimal 237)
   defining Unicode char U+00EE (decimal 238)
   defining Unicode char U+00EF (decimal 239)
   defining Unicode char U+00F0 (decimal 240)
   defining Unicode char U+00F1 (decimal 241)
   defining Unicode char U+00F2 (decimal 242)
   defining Unicode char U+00F3 (decimal 243)
   defining Unicode char U+00F4 (decimal 244)
   defining Unicode char U+00F5 (decimal 245)
   defining Unicode char U+00F6 (decimal 246)
   defining Unicode char U+00F8 (decimal 248)
   defining Unicode char U+00F9 (decimal 249)
   defining Unicode char U+00FA (decimal 250)
   defining Unicode char U+00FB (decimal 251)
   defining Unicode char U+00FC (decimal 252)
   defining Unicode char U+00FD (decimal 253)
   defining Unicode char U+00FE (decimal 254)
   defining Unicode char U+00FF (decimal 255)
   defining Unicode char U+0102 (decimal 258)
   defining Unicode char U+0103 (decimal 259)
   defining Unicode char U+0104 (decimal 260)
   defining Unicode char U+0105 (decimal 261)
   defining Unicode char U+0106 (decimal 262)
   defining Unicode char U+0107 (decimal 263)
   defining Unicode char U+010C (decimal 268)
   defining Unicode char U+010D (decimal 269)
   defining Unicode char U+010E (decimal 270)
   defining Unicode char U+010F (decimal 271)
   defining Unicode char U+0110 (decimal 272)
   defining Unicode char U+0111 (decimal 273)
   defining Unicode char U+0118 (decimal 280)
   defining Unicode char U+0119 (decimal 281)
   defining Unicode char U+011A (decimal 282)
   defining Unicode char U+011B (decimal 283)
   defining Unicode char U+011E (decimal 286)
   defining Unicode char U+011F (decimal 287)
   defining Unicode char U+0130 (decimal 304)
   defining Unicode char U+0131 (decimal 305)
   defining Unicode char U+0132 (decimal 306)
   defining Unicode char U+0133 (decimal 307)
   defining Unicode char U+0139 (decimal 313)
   defining Unicode char U+013A (decimal 314)
   defining Unicode char U+013D (decimal 317)
   defining Unicode char U+013E (decimal 318)
   defining Unicode char U+0141 (decimal 321)
   defining Unicode char U+0142 (decimal 322)
   defining Unicode char U+0143 (decimal 323)
   defining Unicode char U+0144 (decimal 324)
   defining Unicode char U+0147 (decimal 327)
   defining Unicode char U+0148 (decimal 328)
   defining Unicode char U+014A (decimal 330)
   defining Unicode char U+014B (decimal 331)
   defining Unicode char U+0150 (decimal 336)
   defining Unicode char U+0151 (decimal 337)
   defining Unicode char U+0152 (decimal 338)
   defining Unicode char U+0153 (decimal 339)
   defining Unicode char U+0154 (decimal 340)
   defining Unicode char U+0155 (decimal 341)
   defining Unicode char U+0158 (decimal 344)
   defining Unicode char U+0159 (decimal 345)
   defining Unicode char U+015A (decimal 346)
   defining Unicode char U+015B (decimal 347)
   defining Unicode char U+015E (decimal 350)
   defining Unicode char U+015F (decimal 351)
   defining Unicode char U+0160 (decimal 352)
   defining Unicode char U+0161 (decimal 353)
   defining Unicode char U+0162 (decimal 354)
   defining Unicode char U+0163 (decimal 355)
   defining Unicode char U+0164 (decimal 356)
   defining Unicode char U+0165 (decimal 357)
   defining Unicode char U+016E (decimal 366)
   defining Unicode char U+016F (decimal 367)
   defining Unicode char U+0170 (decimal 368)
   defining Unicode char U+0171 (decimal 369)
   defining Unicode char U+0178 (decimal 376)
   defining Unicode char U+0179 (decimal 377)
   defining Unicode char U+017A (decimal 378)
   defining Unicode char U+017B (decimal 379)
   defining Unicode char U+017C (decimal 380)
   defining Unicode char U+017D (decimal 381)
   defining Unicode char U+017E (decimal 382)
   defining Unicode char U+200C (decimal 8204)
   defining Unicode char U+2013 (decimal 8211)
   defining Unicode char U+2014 (decimal 8212)
   defining Unicode char U+2018 (decimal 8216)
   defining Unicode char U+2019 (decimal 8217)
   defining Unicode char U+201A (decimal 8218)
   defining Unicode char U+201C (decimal 8220)
   defining Unicode char U+201D (decimal 8221)
   defining Unicode char U+201E (decimal 8222)
   defining Unicode char U+2030 (decimal 8240)
   defining Unicode char U+2031 (decimal 8241)
   defining Unicode char U+2039 (decimal 8249)
   defining Unicode char U+203A (decimal 8250)
   defining Unicode char U+2423 (decimal 9251)
)
Now handling font encoding OT1 ...
... processing UTF-8 mapping file for font encoding OT1

(/usr/share/texmf-texlive/tex/latex/base/ot1enc.dfu
File: ot1enc.dfu 2008/04/05 v1.1m UTF-8 support for inputenc
   defining Unicode char U+00A1 (decimal 161)
   defining Unicode char U+00A3 (decimal 163)
   defining Unicode char U+00B8 (decimal 184)
   defining Unicode char U+00BF (decimal 191)
   defining Unicode char U+00C5 (decimal 197)
   defining Unicode char U+00C6 (decimal 198)
   defining Unicode char U+00D8 (decimal 216)
   defining Unicode char U+00DF (decimal 223)
   defining Unicode char U+00E6 (decimal 230)
   defining Unicode char U+00EC (decimal 236)
   defining Unicode char U+00ED (decimal 237)
   defining Unicode char U+00EE (decimal 238)
   defining Unicode char U+00EF (decimal 239)
   defining Unicode char U+00F8 (decimal 248)
   defining Unicode char U+0131 (decimal 305)
   defining Unicode char U+0141 (decimal 321)
   defining Unicode char U+0142 (decimal 322)
   defining Unicode char U+0152 (decimal 338)
   defining Unicode char U+0153 (decimal 339)
   defining Unicode char U+2013 (decimal 8211)
   defining Unicode char U+2014 (decimal 8212)
   defining Unicode char U+2018 (decimal 8216)
   defining Unicode char U+2019 (decimal 8217)
   defining Unicode char U+201C (decimal 8220)
   defining Unicode char U+201D (decimal 8221)
)
Now handling font encoding OMS ...
... processing UTF-8 mapping file for font encoding OMS

(/usr/share/texmf-texlive/tex/latex/base/omsenc.dfu
File: omsenc.dfu 2008/04/05 v1.1m UTF-8 support for inputenc
   defining Unicode char U+00A7 (decimal 167)
   defining Unicode char U+00B6 (decimal 182)
   defining Unicode char U+00B7 (decimal 183)
   defining Unicode char U+2020 (decimal 8224)
   defining Unicode char U+2021 (decimal 8225)
   defining Unicode char U+2022 (decimal 8226)
)
Now handling font encoding OMX ...
... no UTF-8 mapping file for font encoding OMX
Now handling font encoding U ...
... no UTF-8 mapping file for font encoding U
   defining Unicode char U+00A9 (decimal 169)
   defining Unicode char U+00AA (decimal 170)
   defining Unicode char U+00AE (decimal 174)
   defining Unicode char U+00BA (decimal 186)
   defining Unicode char U+02C6 (decimal 710)
   defining Unicode char U+02DC (decimal 732)
   defining Unicode char U+200C (decimal 8204)
   defining Unicode char U+2026 (decimal 8230)
   defining Unicode char U+2122 (decimal 8482)
   defining Unicode char U+2423 (decimal 9251)
))
(/usr/share/texmf-texlive/tex/generic/babel/babel.sty
Package: babel 2008/07/06 v3.8l The Babel package

(/usr/share/texmf-texlive/tex/generic/babel/spanish.ldf
Language: spanish.ldf 2009/01/02 v5.0h Spanish support from the babel system

(/usr/share/texmf-texlive/tex/generic/babel/babel.def
File: babel.def 2008/07/06 v3.8l Babel common definitions
\babel@savecnt=\count88
\U@D=\dimen103
)

Package babel Warning: No hyphenation patterns were loaded for
(babel)                the language `Spanish'
(babel)                I will use the patterns loaded for \language=0 instead.

\l@spanish = a dialect from \language0
\es@datefmt=\count89
\es@quottoks=\toks16
\es@quotdepth=\count90
Package babel Info: Making " an active character on input line 492.
Package babel Info: Making . an active character on input line 585.
Package babel Info: Making < an active character on input line 630.
Package babel Info: Making > an active character on input line 630.
)) (/usr/share/texmf-texlive/tex/latex/amsmath/amsmath.sty
Package: amsmath 2000/07/18 v2.13 AMS math features
\@mathmargin=\skip43

For additional information on amsmath, use the `?' option.
(/usr/share/texmf-texlive/tex/latex/amsmath/amstext.sty
Package: amstext 2000/06/29 v2.01

(/usr/share/texmf-texlive/tex/latex/amsmath/amsgen.sty
File: amsgen.sty 1999/11/30 v2.0
\@emptytoks=\toks17
\ex@=\dimen104
))
(/usr/share/texmf-texlive/tex/latex/amsmath/amsbsy.sty
Package: amsbsy 1999/11/29 v1.2d
\pmbraise@=\dimen105
)
(/usr/share/texmf-texlive/tex/latex/amsmath/amsopn.sty
Package: amsopn 1999/12/14 v2.01 operator names
)
\inf@bad=\count91
LaTeX Info: Redefining \frac on input line 211.
\uproot@=\count92
\leftroot@=\count93
LaTeX Info: Redefining \overline on input line 307.
\classnum@=\count94
\DOTSCASE@=\count95
LaTeX Info: Redefining \ldots on input line 379.
LaTeX Info: Redefining \dots on input line 382.
LaTeX Info: Redefining \cdots on input line 467.
\Mathstrutbox@=\box26
\strutbox@=\box27
\big@size=\dimen106
LaTeX Font Info:    Redeclaring font encoding OML on input line 567.
LaTeX Font Info:    Redeclaring font encoding OMS on input line 568.
\macc@depth=\count96
\c@MaxMatrixCols=\count97
\dotsspace@=\muskip10
\c@parentequation=\count98
\dspbrk@lvl=\count99
\tag@help=\toks18
\row@=\count100
\column@=\count101
\maxfields@=\count102
\andhelp@=\toks19
\eqnshift@=\dimen107
\alignsep@=\dimen108
\tagshift@=\dimen109
\tagwidth@=\dimen110
\totwidth@=\dimen111
\lineht@=\dimen112
\@envbody=\toks20
\multlinegap=\skip44
\multlinetaggap=\skip45
\mathdisplay@stack=\toks21
LaTeX Info: Redefining \[ on input line 2666.
LaTeX Info: Redefining \] on input line 2667.
)
(/usr/share/texmf-texlive/tex/latex/hyperref/hyperref.sty
Package: hyperref 2009/10/09 v6.79a Hypertext links for LaTeX

(/usr/share/texmf-texlive/tex/latex/graphics/keyval.sty
Package: keyval 1999/03/16 v1.13 key=value parser (DPC)
\KV@toks@=\toks22
)
(/usr/share/texmf-texlive/tex/generic/oberdiek/ifpdf.sty
Package: ifpdf 2009/04/10 v2.0 Provides the ifpdf switch (HO)
Package ifpdf Info: pdfTeX in pdf mode detected.
)
(/usr/share/texmf-texlive/tex/generic/oberdiek/ifvtex.sty
Package: ifvtex 2008/11/04 v1.4 Switches for detecting VTeX and its modes (HO)
Package ifvtex Info: VTeX not detected.
)
(/usr/share/texmf-texlive/tex/generic/ifxetex/ifxetex.sty
Package: ifxetex 2009/01/23 v0.5 Provides ifxetex conditional
)
(/usr/share/texmf-texlive/tex/latex/oberdiek/hycolor.sty
Package: hycolor 2009/10/02 v1.5 Code for color options of hyperref/bookmark (H
O)

(/usr/share/texmf-texlive/tex/latex/oberdiek/xcolor-patch.sty
Package: xcolor-patch 2009/10/02 xcolor patch
))
\@linkdim=\dimen113
\Hy@linkcounter=\count103
\Hy@pagecounter=\count104

(/usr/share/texmf-texlive/tex/latex/hyperref/pd1enc.def
File: pd1enc.def 2009/10/09 v6.79a Hyperref: PDFDocEncoding definition (HO)
Now handling font encoding PD1 ...
... no UTF-8 mapping file for font encoding PD1
)
(/usr/share/texmf-texlive/tex/generic/oberdiek/etexcmds.sty
Package: etexcmds 2007/12/12 v1.2 Prefix for e-TeX command names (HO)

(/usr/share/texmf-texlive/tex/generic/oberdiek/infwarerr.sty
Package: infwarerr 2007/09/09 v1.2 Providing info/warning/message (HO)
)
Package etexcmds Info: Could not find \expanded.
(etexcmds)             That can mean that you are not using pdfTeX 1.50 or
(etexcmds)             that some package has redefined \expanded.
(etexcmds)             In the latter case, load this package earlier.
)
(/usr/share/texmf-texlive/tex/latex/latexconfig/hyperref.cfg
File: hyperref.cfg 2002/06/06 v1.2 hyperref configuration of TeXLive
)
(/usr/share/texmf-texlive/tex/latex/oberdiek/kvoptions.sty
Package: kvoptions 2009/08/13 v3.4 Keyval support for LaTeX options (HO)

(/usr/share/texmf-texlive/tex/generic/oberdiek/kvsetkeys.sty
Package: kvsetkeys 2009/07/30 v1.5 Key value parser with default handler suppor
t (HO)
))
Package hyperref Info: Option `colorlinks' set `true' on input line 2864.
Package hyperref Info: Hyper figures OFF on input line 2975.
Package hyperref Info: Link nesting OFF on input line 2980.
Package hyperref Info: Hyper index ON on input line 2983.
Package hyperref Info: Plain pages OFF on input line 2990.
Package hyperref Info: Backreferencing OFF on input line 2995.

Implicit mode ON; LaTeX internals redefined
Package hyperref Info: Bookmarks ON on input line 3191.
(/usr/share/texmf-texlive/tex/latex/ltxmisc/url.sty
\Urlmuskip=\muskip11
Package: url 2006/04/12  ver 3.3  Verb mode for urls, etc.
)
LaTeX Info: Redefining \url on input line 3428.

(/usr/share/texmf-texlive/tex/generic/oberdiek/bitset.sty
Package: bitset 2007/09/28 v1.0 Data type bit set (HO)

(/usr/share/texmf-texlive/tex/generic/oberdiek/intcalc.sty
Package: intcalc 2007/09/27 v1.1 Expandable integer calculations (HO)
)
(/usr/share/texmf-texlive/tex/generic/oberdiek/bigintcalc.sty
Package: bigintcalc 2007/11/11 v1.1 Expandable big integer calculations (HO)

(/usr/share/texmf-texlive/tex/generic/oberdiek/pdftexcmds.sty
Package: pdftexcmds 2009/09/23 v0.6 LuaTeX support for pdfTeX utility functions
 (HO)

(/usr/share/texmf-texlive/tex/generic/oberdiek/ifluatex.sty
Package: ifluatex 2009/04/17 v1.2 Provides the ifluatex switch (HO)
Package ifluatex Info: LuaTeX not detected.
)
(/usr/share/texmf-texlive/tex/generic/oberdiek/ltxcmds.sty
Package: ltxcmds 2009/08/05 v1.0 Some LaTeX kernel commands for general use (HO
)
)
Package pdftexcmds Info: LuaTeX not detected.
Package pdftexcmds Info: \pdf@primitive is available.
Package pdftexcmds Info: \pdf@ifprimitive is available.
)))
\Fld@menulength=\count105
\Field@Width=\dimen114
\Fld@charsize=\dimen115
\Field@toks=\toks23
Package hyperref Info: Hyper figures OFF on input line 4377.
Package hyperref Info: Link nesting OFF on input line 4382.
Package hyperref Info: Hyper index ON on input line 4385.
Package hyperref Info: backreferencing OFF on input line 4392.
Package hyperref Info: Link coloring ON on input line 4395.
Package hyperref Info: Link coloring with OCG OFF on input line 4402.
Package hyperref Info: PDF/A mode OFF on input line 4407.

(/usr/share/texmf-texlive/tex/generic/oberdiek/atbegshi.sty
Package: atbegshi 2008/07/31 v1.9 At begin shipout hook (HO)
)
\Hy@abspage=\count106
\c@Item=\count107
\c@Hfootnote=\count108
)
*hyperref using default driver hpdftex*
(/usr/share/texmf-texlive/tex/latex/hyperref/hpdftex.def
File: hpdftex.def 2009/10/09 v6.79a Hyperref driver for pdfTeX
\Fld@listcount=\count109
)
(/usr/share/texmf-texlive/tex/latex/graphics/graphicx.sty
Package: graphicx 1999/02/16 v1.0f Enhanced LaTeX Graphics (DPC,SPQR)

(/usr/share/texmf-texlive/tex/latex/graphics/graphics.sty
Package: graphics 2009/02/05 v1.0o Standard LaTeX Graphics (DPC,SPQR)

(/usr/share/texmf-texlive/tex/latex/graphics/trig.sty
Package: trig 1999/03/16 v1.09 sin cos tan (DPC)
)
(/etc/texmf/tex/latex/config/graphics.cfg
File: graphics.cfg 2009/08/28 v1.8 graphics configuration of TeX Live
)
Package graphics Info: Driver file: pdftex.def on input line 91.

(/usr/share/texmf-texlive/tex/latex/pdftex-def/pdftex.def
File: pdftex.def 2010/03/12 v0.04p Graphics/color for pdfTeX
\Gread@gobject=\count110
))
\Gin@req@height=\dimen116
\Gin@req@width=\dimen117
)
(/usr/share/texmf-texlive/tex/latex/glossaries/base/glossaries.sty
Package: glossaries 2009/09/23 v2.03 (NLCT)

(/usr/share/texmf-texlive/tex/latex/base/ifthen.sty
Package: ifthen 2001/05/26 v1.1c Standard LaTeX ifthen package (DPC)
)
(/usr/share/texmf-texlive/tex/latex/xkeyval/xkeyval.sty
Package: xkeyval 2008/08/13 v2.6a package option processing (HA)

(/usr/share/texmf-texlive/tex/generic/xkeyval/xkeyval.tex
\XKV@toks=\toks24
\XKV@tempa@toks=\toks25
\XKV@depth=\count111
File: xkeyval.tex 2008/08/13 v2.6a key=value parser (HA)
))
(/usr/share/texmf-texlive/tex/latex/glossaries/base/mfirstuc.sty
Package: mfirstuc 2008/12/22 v1.03 (NLCT)
)
(/usr/share/texmf-texlive/tex/latex/xfor/xfor.sty
Package: xfor 2009/02/05 v1.05 (NLCT)
)
(/usr/share/texmf/tex/latex/beamer/base/translator/translator.sty
Package: translator 2010/06/12 ver 1.10

(/usr/share/texmf/tex/latex/beamer/base/translator/translator-language-mappings
.tex))
\gls@level=\count112
\@gls@tmpb=\toks26
\gls@tmplen=\skip46
\istfile=\write3

(/usr/share/texmf-texlive/tex/latex/glossaries/styles/glossary-hypernav.sty
Package: glossary-hypernav 2007/07/04 v1.01 (NLCT)
)
(/usr/share/texmf-texlive/tex/latex/glossaries/styles/glossary-list.sty
Package: glossary-list 2009/05/30 v2.01 (NLCT)
\glslistdottedwidth=\skip47
)
(/usr/share/texmf-texlive/tex/latex/glossaries/styles/glossary-long.sty
Package: glossary-long 2009/05/30 v2.01 (NLCT)

(/usr/share/texmf-texlive/tex/latex/tools/longtable.sty
Package: longtable 2004/02/01 v4.11 Multi-page Table package (DPC)
\LTleft=\skip48
\LTright=\skip49
\LTpre=\skip50
\LTpost=\skip51
\LTchunksize=\count113
\LTcapwidth=\dimen118
\LT@head=\box28
\LT@firsthead=\box29
\LT@foot=\box30
\LT@lastfoot=\box31
\LT@cols=\count114
\LT@rows=\count115
\c@LT@tables=\count116
\c@LT@chunks=\count117
\LT@p@ftn=\toks27
)
\glsdescwidth=\skip52
\glspagelistwidth=\skip53
)
(/usr/share/texmf-texlive/tex/latex/glossaries/styles/glossary-super.sty
Package: glossary-super 2009/05/30 v2.01 (NLCT)

(/usr/share/texmf-texlive/tex/latex/supertabular/supertabular.sty
Package: supertabular 2004/02/20 v4.1e the supertabular environment
\c@tracingst=\count118
\ST@wd=\dimen119
\ST@rightskip=\skip54
\ST@leftskip=\skip55
\ST@parfillskip=\skip56
\ST@pageleft=\dimen120
\ST@headht=\dimen121
\ST@tailht=\dimen122
\ST@pagesofar=\dimen123
\ST@pboxht=\dimen124
\ST@lineht=\dimen125
\ST@stretchht=\dimen126
\ST@prevht=\dimen127
\ST@toadd=\dimen128
\ST@dimen=\dimen129
\ST@pbox=\box32
))
(/usr/share/texmf-texlive/tex/latex/glossaries/styles/glossary-tree.sty
Package: glossary-tree 2009/01/14 v1.01 (NLCT)
\glstreeindent=\skip57
))
\glo@main@file=\write4
\openout4 = `TesisLatex.glo'.

Package glossaries Info: Writing glossary file TesisLatex.glo on input line 19.

\glo@acronym@file=\write5
\openout5 = `TesisLatex.acn'.

Package glossaries Info: Writing glossary file TesisLatex.acn on input line 19.


(./TesisLatex.aux)
\openout1 = `TesisLatex.aux'.

LaTeX Font Info:    Checking defaults for OML/cmm/m/it on input line 59.
LaTeX Font Info:    ... okay on input line 59.
LaTeX Font Info:    Checking defaults for T1/cmr/m/n on input line 59.
LaTeX Font Info:    ... okay on input line 59.
LaTeX Font Info:    Checking defaults for OT1/cmr/m/n on input line 59.
LaTeX Font Info:    ... okay on input line 59.
LaTeX Font Info:    Checking defaults for OMS/cmsy/m/n on input line 59.
LaTeX Font Info:    ... okay on input line 59.
LaTeX Font Info:    Checking defaults for OMX/cmex/m/n on input line 59.
LaTeX Font Info:    ... okay on input line 59.
LaTeX Font Info:    Checking defaults for U/cmr/m/n on input line 59.
LaTeX Font Info:    ... okay on input line 59.
LaTeX Font Info:    Checking defaults for PD1/pdf/m/n on input line 59.
LaTeX Font Info:    ... okay on input line 59.
 (/usr/share/texmf-texlive/tex/latex/graphics/color.sty
Package: color 2005/11/14 v1.0j Standard LaTeX Color (DPC)

(/etc/texmf/tex/latex/config/color.cfg
File: color.cfg 2007/01/18 v1.5 color configuration of teTeX/TeXLive
)
Package color Info: Driver file: pdftex.def on input line 130.
)
Package hyperref Info: Link coloring ON on input line 59.

(/usr/share/texmf-texlive/tex/latex/hyperref/nameref.sty
Package: nameref 2007/05/29 v2.31 Cross-referencing by name of section

(/usr/share/texmf-texlive/tex/latex/oberdiek/refcount.sty
Package: refcount 2008/08/11 v3.1 Data extraction from references (HO)
)
\c@section@level=\count119
)
LaTeX Info: Redefining \ref on input line 59.
LaTeX Info: Redefining \pageref on input line 59.
 (./TesisLatex.out)
(./TesisLatex.out)
\@outlinefile=\write6
\openout6 = `TesisLatex.out'.

\AtBeginShipoutBox=\box33
 (/usr/share/texmf-texlive/tex/context/base/supp-pdf.mkii
[Loading MPS to PDF converter (version 2006.09.02).]
\scratchcounter=\count120
\scratchdimen=\dimen130
\scratchbox=\box34
\nofMPsegments=\count121
\nofMParguments=\count122
\everyMPshowfont=\toks28
\MPscratchCnt=\count123
\MPscratchDim=\dimen131
\MPnumerator=\count124
\everyMPtoPDFconversion=\toks29
)
(/usr/share/texmf-texlive/tex/latex/glossaries/dict/glossaries-dictionary-Engli
sh.dict
Dictionary: glossaries-dictionary, Language: English 
)
(/usr/share/texmf-texlive/tex/latex/glossaries/dict/glossaries-dictionary-Spani
sh.dict
Dictionary: glossaries-dictionary, Language: Spanish 
) [1

\openout3 = `TesisLatex.xdy'.


{/var/lib/texmf/fonts/map/pdftex/updmap/pdftex.map}]
(./TesisLatex.toc

LaTeX Font Warning: Font shape `OT1/cmr/bx/sc' undefined
(Font)              using `OT1/cmr/bx/n' instead on input line 2.


Package spanish Warning: Replacing `OT1/cmr/bx/sc' by 
(spanish)                faked small caps on input line 2.


Package spanish Warning: Replacing `OT1/cmr/bx/sc' by 
(spanish)                faked small caps on input line 3.


Package spanish Warning: Replacing `OT1/cmr/bx/sc' by 
(spanish)                faked small caps on input line 4.

[1


] [2])
\tf@toc=\write7
\openout7 = `TesisLatex.toc'.

 [3] (./TesisLatex.lof)
\tf@lof=\write8
\openout8 = `TesisLatex.lof'.

 [4

] [5

] [6

] [7

]
Cap\'{\i }tulo 1.
pdfTeX warning (ext4): destination with the same identifier (name{page.1}) has 
been already used, duplicate ignored
<to be read again> 
                   \relax 
l.123 
       [1


] [2] [3] [4]
Cap\'{\i }tulo 2.

Overfull \hbox (6.42914pt too wide) in paragraph at lines 197--198
\OT1/cmr/m/n/12 dos para la apli-caci^^Son de trace-abil-i-ty, pocas an-o-ta-ci
ones y doc-u-mentaci^^Son
 []

[5

] [6] [7] [8] [9] [10] [11] [12] [13]
Cap\'{\i }tulo 3.
[14

] [15] [16]
LaTeX Font Info:    Try loading font information for U+lasy on input line 590.
 (/usr/share/texmf-texlive/tex/latex/base/ulasy.fd
File: ulasy.fd 1998/08/17 v2.2e LaTeX symbol font definitions
) [17] [18]
[19]
<./img/ExplicitImplicitTraceLinkClassification.png, id=650, 382.42876pt x 349.3
05pt>
File: ./img/ExplicitImplicitTraceLinkClassification.png Graphic file (type png)

 <use ./img/ExplicitImplicitTraceLinkClassification.png>
Overfull \hbox (0.15553pt too wide) in paragraph at lines 639--640
\OT1/cmr/m/n/12 com-posi-ci^^Son (Com-po-si-tion Link), ac-tu-al-izaci^^Son (Up
-date Link), creaci^^Son (Cre-
 []

<./img/ImplicitTraceLinks.png, id=653, 738.76pt x 187.70125pt>
File: ./img/ImplicitTraceLinks.png Graphic file (type png)

<use ./img/ImplicitTraceLinks.png>
Overfull \hbox (16.31924pt too wide) in paragraph at lines 644--645
 [][] 
 []

[20 <./img/ExplicitImplicitTraceLinkClassification.png (PNG copy)>] [21 <./img/
ImplicitTraceLinks.png (PNG copy)>]
<./img/ExplicitTraceLinks.png, id=664, 780.9175pt x 421.575pt>
File: ./img/ExplicitTraceLinks.png Graphic file (type png)

<use ./img/ExplicitTraceLinks.png>
Overfull \hbox (8.26265pt too wide) in paragraph at lines 664--665
 [][] 
 []

[22 <./img/ExplicitTraceLinks.png (PNG copy)>]
Cap\'{\i }tulo 4.
[23

] <./img/Esquema.png, id=676, 557.83406pt x 338.01282pt>
File: ./img/Esquema.png Graphic file (type png)

<use ./img/Esquema.png>
Overfull \hbox (28.37451pt too wide) in paragraph at lines 711--712
 [][] 
 []

[24 <./img/Esquema.png>]
Overfull \hbox (0.714pt too wide) in paragraph at lines 728--729
[]\OT1/cmr/m/n/12 Esta parte re-fle-ja la con-fig-u-raci^^Son nece-saria para l
o-grar un es-que-ma adapt-
 []

[25] [26]
Cap\'{\i }tulo 5.
[27

] [28] <./img/EclipseWorkbench.png, id=733, 1284.8pt x 778.91pt>
File: ./img/EclipseWorkbench.png Graphic file (type png)

<use ./img/EclipseWorkbench.png> [29]
Overfull \hbox (2.79741pt too wide) in paragraph at lines 844--845
[]\OT1/cmr/m/n/12 A con-tin-uaci^^Son pros-eguimos con una de las tec-nolog^^S^
^Pas del proyec-to Eclipse
 []

[30 <./img/EclipseWorkbench.png (PNG copy)>]
Overfull \hbox (11.91241pt too wide) in paragraph at lines 862--863
[]\OT1/cmr/m/n/12 Clases provee-do-ras de con-tenido y eti-que-tas, ac-ce-so a 
propiedades or^^S^^Pgenes
 []


Overfull \hbox (16.41435pt too wide) in paragraph at lines 880--881
 \OT1/cmr/bx/sc/12 Adapters[] \OT1/cmr/m/n/12 Gen-era la im-ple-mentaci^^Son de
 las clases, lla-madas Item-Providers,
 []

<./img/Ecore.png, id=782, 337.7418pt x 292.4526pt>
File: ./img/Ecore.png Graphic file (type png)
 <use ./img/Ecore.png>
[31] [32 <./img/Ecore.png>]
Overfull \hbox (5.52092pt too wide) in paragraph at lines 917--918
[]\OT1/cmr/m/n/12 En la pre-sente sec-ci^^Son anal-izamos el frame-work [][][]G
raph-i-cal Mod-el-ing Frame-
 []

[33] <./img/GMFArquitectura.png, id=835, 518.93875pt x 354.32375pt>
File: ./img/GMFArquitectura.png Graphic file (type png)

<use ./img/GMFArquitectura.png> [34 <./img/GMFArquitectura.png (PNG copy)>]
<./img/GMFWorkflow.png, id=845, 614.295pt x 360.34625pt>
File: ./img/GMFWorkflow.png Graphic file (type png)

<use ./img/GMFWorkflow.png>
Overfull \hbox (9.287pt too wide) in paragraph at lines 951--952
 [][] 
 []

[35 <./img/GMFWorkflow.png (PNG copy)>] [36]
<./img/ATL-concepts.png, id=882, 423.5825pt x 300.12125pt>
File: ./img/ATL-concepts.png Graphic file (type png)

<use ./img/ATL-concepts.png> [37 <./img/ATL-concepts.png (PNG copy)>]
<./img/metamodelosQVT.png, id=907, 487.8225pt x 146.5475pt>
File: ./img/metamodelosQVT.png Graphic file (type png)

<use ./img/metamodelosQVT.png> [38 <./img/metamodelosQVT.png>]
Overfull \hbox (12.80692pt too wide) in paragraph at lines 1063--1064
 \OT1/cmr/bx/sc/12 Op-er-a-tional Map-pings[] \OT1/cmr/m/n/12 Este lengua-je se
 es-pe-cif-ic^^So co-mo una for-ma est^^Sandar
 []

[39]
Cap\'{\i }tulo 6.
<./img/ETraceTool_Arquitectura.png, id=935, 754.82pt x 439.6425pt>
File: ./img/ETraceTool_Arquitectura.png Graphic file (type png)

<use ./img/ETraceTool_Arquitectura.png> [40

]
<./img/NestedTraceMetamodel.png, id=944, 644.4075pt x 426.59375pt>
File: ./img/NestedTraceMetamodel.png Graphic file (type png)

<use ./img/NestedTraceMetamodel.png> [41 <./img/ETraceTool_Arquitectura.png (PN
G copy)>] <./img/Traceability_Metamodel.png, id=957, 676.5275pt x 359.3425pt>
File: ./img/Traceability_Metamodel.png Graphic file (type png)

<use ./img/Traceability_Metamodel.png>
Overfull \hbox (15.91962pt too wide) in paragraph at lines 1130--1131
 [][] 
 []

[42 <./img/NestedTraceMetamodel.png>] [43 <./img/Traceability_Metamodel.png (PN
G copy)>]
<./img/ArquitecturaTraceabilityFramework.png, id=973, 742.775pt x 284.06125pt>
File: ./img/ArquitecturaTraceabilityFramework.png Graphic file (type png)

<use ./img/ArquitecturaTraceabilityFramework.png>
Overfull \hbox (18.52751pt too wide) in paragraph at lines 1154--1155
 [][] 
 []

[44 <./img/ArquitecturaTraceabilityFramework.png (PNG copy)>]
Overfull \hbox (17.53778pt too wide) in paragraph at lines 1173--1173
[]\OT1/cmr/bx/n/17.28 Framework gen^^Seri-co de ex-trac-ci^^Son de datos
 []

<./img/GenericTraceFrame_Arquitectura.png, id=991, 404.51125pt x 235.88126pt>
File: ./img/GenericTraceFrame_Arquitectura.png Graphic file (type png)

<use ./img/GenericTraceFrame_Arquitectura.png>
<./img/Trace-DSL.png, id=993, 418.56375pt x 220.825pt>
File: ./img/Trace-DSL.png Graphic file (type png)

<use ./img/Trace-DSL.png>
<./img/Faceta.png, id=995, 563.10374pt x 171.64125pt>
File: ./img/Faceta.png Graphic file (type png)
 <use ./img/Faceta.png>
Overfull \hbox (15.43439pt too wide) in paragraph at lines 1199--1200
 [][] 
 []

[45] [46 <./img/GenericTraceFrame_Arquitectura.png (PNG copy)> <./img/Trace-DSL
.png (PNG copy)>]
Overfull \hbox (7.95976pt too wide) in paragraph at lines 1211--1212
[]\OT1/cmr/m/n/12 La con-fig-u-raci^^Son de la gran-u-lar-i-dad con-siste en la
 es-peci-fi-caci^^Son de qu^^Se tipos
 []

<./img/LocalTraceMetamodel.png, id=1009, 706.64pt x 283.0575pt>
File: ./img/LocalTraceMetamodel.png Graphic file (type png)

<use ./img/LocalTraceMetamodel.png> [47 <./img/Faceta.png (PNG copy)>] [48 <./i
mg/LocalTraceMetamodel.png>]
<./img/GlobalTraceMetamodel.png, id=1026, 656.4525pt x 160.6pt>
File: ./img/GlobalTraceMetamodel.png Graphic file (type png)

<use ./img/GlobalTraceMetamodel.png>
Overfull \hbox (3.87454pt too wide) in paragraph at lines 1240--1241
 [][] 
 []

[49 <./img/GlobalTraceMetamodel.png>]
<./img/EjemploLocalGlobalMetamodel.png, id=1033, 944.52875pt x 556.0775pt>
File: ./img/EjemploLocalGlobalMetamodel.png Graphic file (type png)

<use ./img/EjemploLocalGlobalMetamodel.png>
Overfull \hbox (35.03401pt too wide) in paragraph at lines 1257--1258
 [][] 
 []

[50 <./img/EjemploLocalGlobalMetamodel.png>]
(/usr/share/texmf-texlive/tex/generic/babel/babel.sty) (./TesisLatex.gls
[51


]) (/usr/share/texmf-texlive/tex/generic/babel/babel.sty) (./TesisLatex.acr
[52


] [53


]) [54] [55

]
Underfull \hbox (badness 1253) in paragraph at lines 1318--1320
[]\OT1/cmr/m/n/12 Eclipse Plat-form Tech-ni-cal Overview. Ob-ject Tech-nol-o-gy
 In-ter-na-
 []


Underfull \hbox (badness 4441) in paragraph at lines 1323--1324
[]\OT1/cmr/m/n/12 Graphical Mod-el-ing Project [][]$\OT1/cmtt/m/n/12 http : / /
 www . eclipse . org / modeling /
 []


Underfull \hbox (badness 10000) in paragraph at lines 1325--1326
[][]$\OT1/cmtt/m/n/12 http : / / www . eclipse . org / articles / Article-[]Int
roducing-[]GMF /
 []

[56] [57] (./TesisLatex.aux)

LaTeX Font Warning: Some font shapes were not available, defaults substituted.

 ) 
Here is how much of TeX's memory you used:
 8236 strings out of 495061
 124667 string characters out of 1182622
 214435 words of memory out of 3000000
 10913 multiletter control sequences out of 15000+50000
 12123 words of font info for 44 fonts, out of 3000000 for 9000
 28 hyphenation exceptions out of 8191
 38i,7n,41p,1059b,563s stack positions out of 5000i,500n,10000p,200000b,50000s
pdfTeX warning (dest): name{page.\\protect\040\\protect\040\\unhbox\040\\void
b@x\040\\hbox\040{\\protect\040\\relax\040\\protect\040\\edef\040n{sc}\\protect
\040\\xdef\040\\OT1/cmr/bx/n/12\040{\\OT1/cmr/m/n/12\040}\\OT1/cmr/bx/n/12\040\
\size@update\040\\enc@update\040\\protect\040\\xdef\040\\OT1/cmr/bx/n/12\040{\\
OT1/cmr/m/n/12\040}\\OT1/cmr/bx/n/12\040\\size@update\040\\enc@update\040\\gdef
\04012{12}\\gdef\0408{8}\\gdef\0406{6}\\protect\040\\afterassignment\040\\edef\
04012{12}\\afterassignment\040\\edef\04014.5pt{-5.0pt\040plus\040-1.5pt\040minu
s\040-1.0pt}\\edef\040{}\\let\040\\def\040\\size@update\040{\\baselineskip\0401
4.5pt\\relax\040\\baselineskip\040\\baselineskip\040\\normalbaselineskip\040\\b
aselineskip\040\\setbox\040\\strutbox\040\\hbox\040{\\vrule\040height.7\\baseli
neskip\040depth.3\\baselineskip\040width\\z@\040}\\let\040\\size@update\040\\re
lax\040}\\protect\040\\xdef\040\\OT1/cmr/bx/n/12\040{\\OT1/cmr/m/n/12\040}\\OT1
/cmr/bx/n/12\040\\size@update\040\\enc@update\040\\protect\040\\begingroup\040\
\def\040\\MessageBreak\040{\012\(spanish\)\040\040\040\040\040\040\040\040\040\
040\040\040\040\040\040\040}\\let\040\\protect\040\\immediate\\write\040\\@unus
ed\040{\012Package\040spanish\040Warning:\040Replacing\040`OT1/cmr/m/n'\040by\0
40\\MessageBreak\040faked\040small\040caps\040on\040input\040line\04075.\012}\\
endgroup\040\\uppercase\040{vi}}} has been referenced but does not exist, repla
ced by a fixed one

pdfTeX warning (dest): name{page.\\protect\040\\protect\040\\unhbox\040\\voidb@
x\040\\hbox\040{\\protect\040\\relax\040\\protect\040\\edef\040n{sc}\\protect\0
40\\xdef\040\\OT1/cmr/m/sc/12\040{\\OT1/cmr/m/n/12\040}\\OT1/cmr/m/sc/12\040\\s
ize@update\040\\enc@update\040\\protect\040\\xdef\040\\OT1/cmr/m/sc/12\040{\\OT
1/cmr/m/n/12\040}\\OT1/cmr/m/sc/12\040\\size@update\040\\enc@update\040\\gdef\0
4012{12}\\gdef\0408{8}\\gdef\0406{6}\\protect\040\\afterassignment\040\\edef\04
012{12}\\afterassignment\040\\edef\04014.5pt{-5.0pt\040plus\040-1.5pt\040minus\
040-1.0pt}\\edef\040{}\\let\040\\def\040\\size@update\040{\\baselineskip\04014.
5pt\\relax\040\\baselineskip\040\\baselineskip\040\\normalbaselineskip\040\\bas
elineskip\040\\setbox\040\\strutbox\040\\hbox\040{\\vrule\040height.7\\baseline
skip\040depth.3\\baselineskip\040width\\z@\040}\\let\040\\size@update\040\\rela
x\040}\\protect\040\\xdef\040\\OT1/cmr/m/sc/12\040{\\OT1/cmr/m/n/12\040}\\OT1/c
mr/m/sc/12\040\\size@update\040\\enc@update\040\\protect\040\\begingroup\040\\d
ef\040\\MessageBreak\040{\012\(spanish\)\040\040\040\040\040\040\040\040\040\04
0\040\040\040\040\040\040}\\let\040\\protect\040\\immediate\\write\040\\@unused
\040{\012Package\040spanish\040Warning:\040Replacing\040`OT1/cmr/m/n'\040by\040
\\MessageBreak\040faked\040small\040caps\040on\040input\040line\04063.\012}\\en
dgroup\040\\uppercase\040{vii}}} has been referenced but does not exist, replac
ed by a fixed one

pdfTeX warning (dest): name{page.\\protect\040\\protect\040\\unhbox\040\\voidb@
x\040\\hbox\040{\\protect\040\\relax\040\\protect\040\\edef\040n{sc}\\protect\0
40\\xdef\040\\OT1/cmr/bx/n/12\040{\\OT1/cmr/m/n/12\040}\\OT1/cmr/bx/n/12\040\\s
ize@update\040\\enc@update\040\\protect\040\\xdef\040\\OT1/cmr/bx/n/12\040{\\OT
1/cmr/m/n/12\040}\\OT1/cmr/bx/n/12\040\\size@update\040\\enc@update\040\\gdef\0
4012{12}\\gdef\0408{8}\\gdef\0406{6}\\protect\040\\afterassignment\040\\edef\04
012{12}\\afterassignment\040\\edef\04014.5pt{-5.0pt\040plus\040-1.5pt\040minus\
040-1.0pt}\\edef\040{}\\let\040\\def\040\\size@update\040{\\baselineskip\04014.
5pt\\relax\040\\baselineskip\040\\baselineskip\040\\normalbaselineskip\040\\bas
elineskip\040\\setbox\040\\strutbox\040\\hbox\040{\\vrule\040height.7\\baseline
skip\040depth.3\\baselineskip\040width\\z@\040}\\let\040\\size@update\040\\rela
x\040}\\protect\040\\xdef\040\\OT1/cmr/bx/n/12\040{\\OT1/cmr/m/n/12\040}\\OT1/c
mr/bx/n/12\040\\size@update\040\\enc@update\040\\protect\040\\begingroup\040\\d
ef\040\\MessageBreak\040{\012\(spanish\)\040\040\040\040\040\040\040\040\040\04
0\040\040\040\040\040\040}\\let\040\\protect\040\\immediate\\write\040\\@unused
\040{\012Package\040spanish\040Warning:\040Replacing\040`OT1/cmr/m/n'\040by\040
\\MessageBreak\040faked\040small\040caps\040on\040input\040line\04063.\012}\\en
dgroup\040\\uppercase\040{vi}}} has been referenced but does not exist, replace
d by a fixed one

pdfTeX warning (dest): name{page.\\protect\040\\protect\040\\unhbox\040\\voidb@
x\040\\hbox\040{\\protect\040\\relax\040\\protect\040\\edef\040n{sc}\\protect\0
40\\xdef\040\\OT1/cmr/bx/n/12\040{\\OT1/cmr/m/n/12\040}\\OT1/cmr/bx/n/12\040\\s
ize@update\040\\enc@update\040\\protect\040\\xdef\040\\OT1/cmr/bx/n/12\040{\\OT
1/cmr/m/n/12\040}\\OT1/cmr/bx/n/12\040\\size@update\040\\enc@update\040\\gdef\0
4012{12}\\gdef\0408{8}\\gdef\0406{6}\\protect\040\\afterassignment\040\\edef\04
012{12}\\afterassignment\040\\edef\04014.5pt{-5.0pt\040plus\040-1.5pt\040minus\
040-1.0pt}\\edef\040{}\\let\040\\def\040\\size@update\040{\\baselineskip\04014.
5pt\\relax\040\\baselineskip\040\\baselineskip\040\\normalbaselineskip\040\\bas
elineskip\040\\setbox\040\\strutbox\040\\hbox\040{\\vrule\040height.7\\baseline
skip\040depth.3\\baselineskip\040width\\z@\040}\\let\040\\size@update\040\\rela
x\040}\\protect\040\\xdef\040\\OT1/cmr/bx/n/12\040{\\OT1/cmr/m/n/12\040}\\OT1/c
mr/bx/n/12\040\\size@update\040\\enc@update\040\\protect\040\\begingroup\040\\d
ef\040\\MessageBreak\040{\012\(spanish\)\040\040\040\040\040\040\040\040\040\04
0\040\040\040\040\040\040}\\let\040\\protect\040\\immediate\\write\040\\@unused
\040{\012Package\040spanish\040Warning:\040Replacing\040`OT1/cmr/m/n'\040by\040
\\MessageBreak\040faked\040small\040caps\040on\040input\040line\04056.\012}\\en
dgroup\040\\uppercase\040{vi}}} has been referenced but does not exist, replace
d by a fixed one

pdfTeX warning (dest): name{page.\\protect\040\\protect\040\\unhbox\040\\voidb@
x\040\\hbox\040{\\protect\040\\relax\040\\protect\040\\edef\040n{sc}\\protect\0
40\\xdef\040\\OT1/cmr/bx/n/12\040{\\OT1/cmr/m/n/12\040}\\OT1/cmr/bx/n/12\040\\s
ize@update\040\\enc@update\040\\protect\040\\xdef\040\\OT1/cmr/bx/n/12\040{\\OT
1/cmr/m/n/12\040}\\OT1/cmr/bx/n/12\040\\size@update\040\\enc@update\040\\gdef\0
4012{12}\\gdef\0408{8}\\gdef\0406{6}\\protect\040\\afterassignment\040\\edef\04
012{12}\\afterassignment\040\\edef\04014.5pt{-5.0pt\040plus\040-1.5pt\040minus\
040-1.0pt}\\edef\040{}\\let\040\\def\040\\size@update\040{\\baselineskip\04014.
5pt\\relax\040\\baselineskip\040\\baselineskip\040\\normalbaselineskip\040\\bas
elineskip\040\\setbox\040\\strutbox\040\\hbox\040{\\vrule\040height.7\\baseline
skip\040depth.3\\baselineskip\040width\\z@\040}\\let\040\\size@update\040\\rela
x\040}\\protect\040\\xdef\040\\OT1/cmr/bx/n/12\040{\\OT1/cmr/m/n/12\040}\\OT1/c
mr/bx/n/12\040\\size@update\040\\enc@update\040\\protect\040\\begingroup\040\\d
ef\040\\MessageBreak\040{\012\(spanish\)\040\040\040\040\040\040\040\040\040\04
0\040\040\040\040\040\040}\\let\040\\protect\040\\immediate\\write\040\\@unused
\040{\012Package\040spanish\040Warning:\040Replacing\040`OT1/cmr/m/n'\040by\040
\\MessageBreak\040faked\040small\040caps\040on\040input\040line\04053.\012}\\en
dgroup\040\\uppercase\040{vi}}} has been referenced but does not exist, replace
d by a fixed one

pdfTeX warning (dest): name{page.\\protect\040\\protect\040\\unhbox\040\\voidb@
x\040\\hbox\040{\\protect\040\\relax\040\\protect\040\\edef\040n{sc}\\protect\0
40\\xdef\040\\OT1/cmr/bx/n/12\040{\\OT1/cmr/m/n/12\040}\\OT1/cmr/bx/n/12\040\\s
ize@update\040\\enc@update\040\\protect\040\\xdef\040\\OT1/cmr/bx/n/12\040{\\OT
1/cmr/m/n/12\040}\\OT1/cmr/bx/n/12\040\\size@update\040\\enc@update\040\\gdef\0
4012{12}\\gdef\0408{8}\\gdef\0406{6}\\protect\040\\afterassignment\040\\edef\04
012{12}\\afterassignment\040\\edef\04014.5pt{-5.0pt\040plus\040-1.5pt\040minus\
040-1.0pt}\\edef\040{}\\let\040\\def\040\\size@update\040{\\baselineskip\04014.
5pt\\relax\040\\baselineskip\040\\baselineskip\040\\normalbaselineskip\040\\bas
elineskip\040\\setbox\040\\strutbox\040\\hbox\040{\\vrule\040height.7\\baseline
skip\040depth.3\\baselineskip\040width\\z@\040}\\let\040\\size@update\040\\rela
x\040}\\protect\040\\xdef\040\\OT1/cmr/bx/n/12\040{\\OT1/cmr/m/n/12\040}\\OT1/c
mr/bx/n/12\040\\size@update\040\\enc@update\040\\protect\040\\begingroup\040\\d
ef\040\\MessageBreak\040{\012\(spanish\)\040\040\040\040\040\040\040\040\040\04
0\040\040\040\040\040\040}\\let\040\\protect\040\\immediate\\write\040\\@unused
\040{\012Package\040spanish\040Warning:\040Replacing\040`OT1/cmr/m/n'\040by\040
\\MessageBreak\040faked\040small\040caps\040on\040input\040line\0405.\012}\\end
group\040\\uppercase\040{v}}} has been referenced but does not exist, replaced 
by a fixed one

</usr/share/texmf-texlive/fonts/type1/public/amsfonts/cm/cmbx12.pfb></usr/share
/texmf-texlive/fonts/type1/public/amsfonts/cm/cmbx8.pfb></usr/share/texmf-texli
ve/fonts/type1/public/amsfonts/cm/cmcsc10.pfb></usr/share/texmf-texlive/fonts/t
ype1/public/amsfonts/cm/cmr12.pfb></usr/share/texmf-texlive/fonts/type1/public/
amsfonts/cm/cmr17.pfb></usr/share/texmf-texlive/fonts/type1/public/amsfonts/cm/
cmsl12.pfb></usr/share/texmf-texlive/fonts/type1/public/amsfonts/cm/cmsy8.pfb><
/usr/share/texmf-texlive/fonts/type1/public/amsfonts/cm/cmti12.pfb></usr/share/
texmf-texlive/fonts/type1/public/amsfonts/cm/cmtt12.pfb></usr/share/texmf-texli
ve/fonts/type1/public/amsfonts/latxfont/lasy10.pfb>
Output written on TesisLatex.pdf (65 pages, 1070410 bytes).
PDF statistics:
 1259 PDF objects out of 1440 (max. 8388607)
 317 named destinations out of 1000 (max. 500000)
 717 words of extra memory for PDF output out of 10000 (max. 10000000)

